-------------------------------------------------------------------------------
Test set: Library app login feature
-------------------------------------------------------------------------------
Tests run: 2, Failures: 0, Errors: 2, Skipped: 0, Time elapsed: 0.731 s <<< FAILURE! - in Library app login feature
Library app login feature.Login as librarian  Time elapsed: 0.533 s  <<< ERROR!
io.cucumber.junit.UndefinedStepException: 
The step 'user is on the login page' and 3 other step(s) are undefined.
You can implement these steps using the snippet(s) below:

@Given("user is on the login page")
public void user_is_on_the_login_page() {
    // Write code here that turns the phrase above into concrete actions
    throw new io.cucumber.java.PendingException();
}
@When("user enters {string}")
public void user_enters(String string) {
    // Write code here that turns the phrase above into concrete actions
    throw new io.cucumber.java.PendingException();
}
@Then("user should see the {string}")
public void user_should_see_the(String string) {
    // Write code here that turns the phrase above into concrete actions
    throw new io.cucumber.java.PendingException();
}


Library app login feature.Login as student  Time elapsed: 0.194 s  <<< ERROR!
io.cucumber.junit.UndefinedStepException: 
The step 'user is on the login page' and 3 other step(s) are undefined.
You can implement these steps using the snippet(s) below:

@Given("user is on the login page")
public void user_is_on_the_login_page() {
    // Write code here that turns the phrase above into concrete actions
    throw new io.cucumber.java.PendingException();
}
@When("user enters {string}")
public void user_enters(String string) {
    // Write code here that turns the phrase above into concrete actions
    throw new io.cucumber.java.PendingException();
}
@Then("user should see the {string}")
public void user_should_see_the(String string) {
    // Write code here that turns the phrase above into concrete actions
    throw new io.cucumber.java.PendingException();
}


