<?xml version="1.0" encoding="UTF-8"?>
<testsuite xmlns:xsi="http://www.w3.org/2001/XMLSchema-instance" xsi:noNamespaceSchemaLocation="https://maven.apache.org/surefire/maven-surefire-plugin/xsd/surefire-test-report-3.0.xsd" version="3.0" name="EMPTY_NAME" time="133.935" tests="10" errors="0" skipped="0" failures="0">
  <properties>
[...]
</properties>
  <testcase name="Verify user information &quot;student5@library&quot;" classname="EMPTY_NAME" time="18.664">
    <system-out><![CDATA[Jul 14, 2022 5:20:37 PM net.masterthought.cucumber.ReportParser parseJsonFiles
INFO: File 'C:\Users\wifec\AppData\Local\Temp\cucumber17802692972381793153.json' contains 1 features

&amp#27;[32m&amp#27;[1m┌──────────────────────────────────────────────────────────────────────────┐&amp#27;[0m
&amp#27;[32m&amp#27;[1m│&amp#27;[0m View your Cucumber Report at:                                            &amp#27;[32m&amp#27;[1m│&amp#27;[0m
&amp#27;[32m&amp#27;[1m│&amp#27;[0m &amp#27;[1m&amp#27;[36m&amp#27;[4mhttps://reports.cucumber.io/reports/d8349719-3078-4d04-a5e1-d1a07d54cfb0&amp#27;[0m &amp#27;[32m&amp#27;[1m│&amp#27;[0m
&amp#27;[32m&amp#27;[1m│&amp#27;[0m                                                                          &amp#27;[32m&amp#27;[1m│&amp#27;[0m
&amp#27;[32m&amp#27;[1m│&amp#27;[0m &amp#27;[1mThis report will self-destruct in 24h.&amp#27;[0m                                   &amp#27;[32m&amp#27;[1m│&amp#27;[0m
&amp#27;[32m&amp#27;[1m│&amp#27;[0m Keep reports forever: &amp#27;[4m&amp#27;[1m&amp#27;[36mhttps://reports.cucumber.io/profile&amp#27;[0m                &amp#27;[32m&amp#27;[1m│&amp#27;[0m
&amp#27;[32m&amp#27;[1m└──────────────────────────────────────────────────────────────────────────┘&amp#27;[0m

@Im-working @students
Scenario Outline: Verify user information "student5@library" &amp#27;[90m# src/test/resources/features/LoginWithDifferentUsers.feature:12&amp#27;[0m
before scenario running
  &amp#27;[32mGiven &amp#27;[0m&amp#27;[32muser is on the login page&amp#27;[0m                            &amp#27;[90m# com.cydeo.library.step_definitions.Login_StepDefinitions.user_is_on_the_login_page()&amp#27;[0m
  &amp#27;[32mWhen &amp#27;[0m&amp#27;[32muser login using &amp#27;[0m&amp#27;[32m&amp#27;[1m"student5@library"&amp#27;[0m&amp#27;[32m and &amp#27;[0m&amp#27;[32m&amp#27;[1m"i1oDgf2d"&amp#27;[0m    &amp#27;[90m# com.cydeo.library.step_definitions.LoginWithDifferentUser_stepDefinitions.user_login_using_and(java.lang.String,java.lang.String)&amp#27;[0m
library = Test Student 5
name = Test Student 5
  &amp#27;[32mThen &amp#27;[0m&amp#27;[32maccount holder name should be &amp#27;[0m&amp#27;[32m&amp#27;[1m"Test Student 5"&amp#27;[0m        &amp#27;[90m# com.cydeo.library.step_definitions.LoginWithDifferentUser_stepDefinitions.account_holder_name_should_be(java.lang.String)&amp#27;[0m
After scenario running
]]></system-out>
    <system-err><![CDATA[SLF4J: Failed to load class "org.slf4j.impl.StaticLoggerBinder".
SLF4J: Defaulting to no-operation (NOP) logger implementation
SLF4J: See http://www.slf4j.org/codes.html#StaticLoggerBinder for further details.
Starting ChromeDriver 103.0.5060.53 (a1711811edd74ff1cf2150f36ffa3b0dae40b17f-refs/branch-heads/5060@{#853}) on port 26504
Only local connections are allowed.
Please see https://chromedriver.chromium.org/security-considerations for suggestions on keeping ChromeDriver safe.
ChromeDriver was started successfully.
Jul 14, 2022 5:18:32 PM org.openqa.selenium.remote.ProtocolHandshake createSession
INFO: Detected dialect: W3C
]]></system-err>
  </testcase>
  <testcase name="Verify user information &quot;student6@library&quot;" classname="EMPTY_NAME" time="16.761">
    <system-out><![CDATA[
@Im-working @students
Scenario Outline: Verify user information "student6@library" &amp#27;[90m# src/test/resources/features/LoginWithDifferentUsers.feature:13&amp#27;[0m
before scenario running
  &amp#27;[32mGiven &amp#27;[0m&amp#27;[32muser is on the login page&amp#27;[0m                            &amp#27;[90m# com.cydeo.library.step_definitions.Login_StepDefinitions.user_is_on_the_login_page()&amp#27;[0m
  &amp#27;[32mWhen &amp#27;[0m&amp#27;[32muser login using &amp#27;[0m&amp#27;[32m&amp#27;[1m"student6@library"&amp#27;[0m&amp#27;[32m and &amp#27;[0m&amp#27;[32m&amp#27;[1m"NXhpXJdC"&amp#27;[0m    &amp#27;[90m# com.cydeo.library.step_definitions.LoginWithDifferentUser_stepDefinitions.user_login_using_and(java.lang.String,java.lang.String)&amp#27;[0m
library = Test Student 6
name = Test Student 6
  &amp#27;[32mThen &amp#27;[0m&amp#27;[32maccount holder name should be &amp#27;[0m&amp#27;[32m&amp#27;[1m"Test Student 6"&amp#27;[0m        &amp#27;[90m# com.cydeo.library.step_definitions.LoginWithDifferentUser_stepDefinitions.account_holder_name_should_be(java.lang.String)&amp#27;[0m
After scenario running
]]></system-out>
    <system-err><![CDATA[Starting ChromeDriver 103.0.5060.53 (a1711811edd74ff1cf2150f36ffa3b0dae40b17f-refs/branch-heads/5060@{#853}) on port 2246
Only local connections are allowed.
Please see https://chromedriver.chromium.org/security-considerations for suggestions on keeping ChromeDriver safe.
ChromeDriver was started successfully.
Jul 14, 2022 5:18:44 PM org.openqa.selenium.remote.ProtocolHandshake createSession
INFO: Detected dialect: W3C
]]></system-err>
  </testcase>
  <testcase name="Verify user information &quot;student7@library&quot;" classname="EMPTY_NAME" time="10.473">
    <system-out><![CDATA[
@Im-working @students
Scenario Outline: Verify user information "student7@library" &amp#27;[90m# src/test/resources/features/LoginWithDifferentUsers.feature:14&amp#27;[0m
before scenario running
  &amp#27;[32mGiven &amp#27;[0m&amp#27;[32muser is on the login page&amp#27;[0m                            &amp#27;[90m# com.cydeo.library.step_definitions.Login_StepDefinitions.user_is_on_the_login_page()&amp#27;[0m
  &amp#27;[32mWhen &amp#27;[0m&amp#27;[32muser login using &amp#27;[0m&amp#27;[32m&amp#27;[1m"student7@library"&amp#27;[0m&amp#27;[32m and &amp#27;[0m&amp#27;[32m&amp#27;[1m"QfYjDNXj"&amp#27;[0m    &amp#27;[90m# com.cydeo.library.step_definitions.LoginWithDifferentUser_stepDefinitions.user_login_using_and(java.lang.String,java.lang.String)&amp#27;[0m
library = Test Student 7
name = Test Student 7
  &amp#27;[32mThen &amp#27;[0m&amp#27;[32maccount holder name should be &amp#27;[0m&amp#27;[32m&amp#27;[1m"Test Student 7"&amp#27;[0m        &amp#27;[90m# com.cydeo.library.step_definitions.LoginWithDifferentUser_stepDefinitions.account_holder_name_should_be(java.lang.String)&amp#27;[0m
After scenario running
]]></system-out>
    <system-err><![CDATA[Starting ChromeDriver 103.0.5060.53 (a1711811edd74ff1cf2150f36ffa3b0dae40b17f-refs/branch-heads/5060@{#853}) on port 28672
Only local connections are allowed.
Please see https://chromedriver.chromium.org/security-considerations for suggestions on keeping ChromeDriver safe.
ChromeDriver was started successfully.
Jul 14, 2022 5:19:00 PM org.openqa.selenium.remote.ProtocolHandshake createSession
INFO: Detected dialect: W3C
]]></system-err>
  </testcase>
  <testcase name="Verify user information &quot;student8@library&quot;" classname="EMPTY_NAME" time="11.323">
    <system-out><![CDATA[
@Im-working @students
Scenario Outline: Verify user information "student8@library" &amp#27;[90m# src/test/resources/features/LoginWithDifferentUsers.feature:15&amp#27;[0m
before scenario running
  &amp#27;[32mGiven &amp#27;[0m&amp#27;[32muser is on the login page&amp#27;[0m                            &amp#27;[90m# com.cydeo.library.step_definitions.Login_StepDefinitions.user_is_on_the_login_page()&amp#27;[0m
  &amp#27;[32mWhen &amp#27;[0m&amp#27;[32muser login using &amp#27;[0m&amp#27;[32m&amp#27;[1m"student8@library"&amp#27;[0m&amp#27;[32m and &amp#27;[0m&amp#27;[32m&amp#27;[1m"1DaJSz1z"&amp#27;[0m    &amp#27;[90m# com.cydeo.library.step_definitions.LoginWithDifferentUser_stepDefinitions.user_login_using_and(java.lang.String,java.lang.String)&amp#27;[0m
library = Test Student 8
name = Test Student 8
  &amp#27;[32mThen &amp#27;[0m&amp#27;[32maccount holder name should be &amp#27;[0m&amp#27;[32m&amp#27;[1m"Test Student 8"&amp#27;[0m        &amp#27;[90m# com.cydeo.library.step_definitions.LoginWithDifferentUser_stepDefinitions.account_holder_name_should_be(java.lang.String)&amp#27;[0m
After scenario running
]]></system-out>
    <system-err><![CDATA[Starting ChromeDriver 103.0.5060.53 (a1711811edd74ff1cf2150f36ffa3b0dae40b17f-refs/branch-heads/5060@{#853}) on port 25574
Only local connections are allowed.
Please see https://chromedriver.chromium.org/security-considerations for suggestions on keeping ChromeDriver safe.
ChromeDriver was started successfully.
Jul 14, 2022 5:19:10 PM org.openqa.selenium.remote.ProtocolHandshake createSession
INFO: Detected dialect: W3C
]]></system-err>
  </testcase>
  <testcase name="Verify user information &quot;student9@library&quot;" classname="EMPTY_NAME" time="17.112">
    <system-out><![CDATA[
@Im-working @students
Scenario Outline: Verify user information "student9@library" &amp#27;[90m# src/test/resources/features/LoginWithDifferentUsers.feature:16&amp#27;[0m
before scenario running
  &amp#27;[32mGiven &amp#27;[0m&amp#27;[32muser is on the login page&amp#27;[0m                            &amp#27;[90m# com.cydeo.library.step_definitions.Login_StepDefinitions.user_is_on_the_login_page()&amp#27;[0m
  &amp#27;[32mWhen &amp#27;[0m&amp#27;[32muser login using &amp#27;[0m&amp#27;[32m&amp#27;[1m"student9@library"&amp#27;[0m&amp#27;[32m and &amp#27;[0m&amp#27;[32m&amp#27;[1m"DFDYll1P"&amp#27;[0m    &amp#27;[90m# com.cydeo.library.step_definitions.LoginWithDifferentUser_stepDefinitions.user_login_using_and(java.lang.String,java.lang.String)&amp#27;[0m
library = Test Student 9
name = Test Student 9
  &amp#27;[32mThen &amp#27;[0m&amp#27;[32maccount holder name should be &amp#27;[0m&amp#27;[32m&amp#27;[1m"Test Student 9"&amp#27;[0m        &amp#27;[90m# com.cydeo.library.step_definitions.LoginWithDifferentUser_stepDefinitions.account_holder_name_should_be(java.lang.String)&amp#27;[0m
After scenario running
]]></system-out>
    <system-err><![CDATA[Starting ChromeDriver 103.0.5060.53 (a1711811edd74ff1cf2150f36ffa3b0dae40b17f-refs/branch-heads/5060@{#853}) on port 34416
Only local connections are allowed.
Please see https://chromedriver.chromium.org/security-considerations for suggestions on keeping ChromeDriver safe.
ChromeDriver was started successfully.
Jul 14, 2022 5:19:25 PM org.openqa.selenium.remote.ProtocolHandshake createSession
INFO: Detected dialect: W3C
]]></system-err>
  </testcase>
  <testcase name="Verify user information &quot;student10@library&quot;" classname="EMPTY_NAME" time="12.67">
    <system-out><![CDATA[
@Im-working @students
Scenario Outline: Verify user information "student10@library" &amp#27;[90m# src/test/resources/features/LoginWithDifferentUsers.feature:17&amp#27;[0m
before scenario running
  &amp#27;[32mGiven &amp#27;[0m&amp#27;[32muser is on the login page&amp#27;[0m                             &amp#27;[90m# com.cydeo.library.step_definitions.Login_StepDefinitions.user_is_on_the_login_page()&amp#27;[0m
  &amp#27;[32mWhen &amp#27;[0m&amp#27;[32muser login using &amp#27;[0m&amp#27;[32m&amp#27;[1m"student10@library"&amp#27;[0m&amp#27;[32m and &amp#27;[0m&amp#27;[32m&amp#27;[1m"F8u6OrI2"&amp#27;[0m    &amp#27;[90m# com.cydeo.library.step_definitions.LoginWithDifferentUser_stepDefinitions.user_login_using_and(java.lang.String,java.lang.String)&amp#27;[0m
library = Test Student 10
name = Test Student 10
  &amp#27;[32mThen &amp#27;[0m&amp#27;[32maccount holder name should be &amp#27;[0m&amp#27;[32m&amp#27;[1m"Test Student 10"&amp#27;[0m        &amp#27;[90m# com.cydeo.library.step_definitions.LoginWithDifferentUser_stepDefinitions.account_holder_name_should_be(java.lang.String)&amp#27;[0m
After scenario running
]]></system-out>
    <system-err><![CDATA[Starting ChromeDriver 103.0.5060.53 (a1711811edd74ff1cf2150f36ffa3b0dae40b17f-refs/branch-heads/5060@{#853}) on port 13858
Only local connections are allowed.
Please see https://chromedriver.chromium.org/security-considerations for suggestions on keeping ChromeDriver safe.
ChromeDriver was started successfully.
Jul 14, 2022 5:19:39 PM org.openqa.selenium.remote.ProtocolHandshake createSession
INFO: Detected dialect: W3C
]]></system-err>
  </testcase>
  <testcase name="Verify user information &quot;student11@library&quot;" classname="EMPTY_NAME" time="11.076">
    <system-out><![CDATA[
@Im-working @students
Scenario Outline: Verify user information "student11@library" &amp#27;[90m# src/test/resources/features/LoginWithDifferentUsers.feature:18&amp#27;[0m
before scenario running
  &amp#27;[32mGiven &amp#27;[0m&amp#27;[32muser is on the login page&amp#27;[0m                             &amp#27;[90m# com.cydeo.library.step_definitions.Login_StepDefinitions.user_is_on_the_login_page()&amp#27;[0m
  &amp#27;[32mWhen &amp#27;[0m&amp#27;[32muser login using &amp#27;[0m&amp#27;[32m&amp#27;[1m"student11@library"&amp#27;[0m&amp#27;[32m and &amp#27;[0m&amp#27;[32m&amp#27;[1m"4VRMTsAB"&amp#27;[0m    &amp#27;[90m# com.cydeo.library.step_definitions.LoginWithDifferentUser_stepDefinitions.user_login_using_and(java.lang.String,java.lang.String)&amp#27;[0m
library = Test Student 11
name = Test Student 11
  &amp#27;[32mThen &amp#27;[0m&amp#27;[32maccount holder name should be &amp#27;[0m&amp#27;[32m&amp#27;[1m"Test Student 11"&amp#27;[0m        &amp#27;[90m# com.cydeo.library.step_definitions.LoginWithDifferentUser_stepDefinitions.account_holder_name_should_be(java.lang.String)&amp#27;[0m
After scenario running
]]></system-out>
    <system-err><![CDATA[Starting ChromeDriver 103.0.5060.53 (a1711811edd74ff1cf2150f36ffa3b0dae40b17f-refs/branch-heads/5060@{#853}) on port 28535
Only local connections are allowed.
Please see https://chromedriver.chromium.org/security-considerations for suggestions on keeping ChromeDriver safe.
ChromeDriver was started successfully.
Jul 14, 2022 5:19:52 PM org.openqa.selenium.remote.ProtocolHandshake createSession
INFO: Detected dialect: W3C
]]></system-err>
  </testcase>
  <testcase name="Verify user information &quot;student12@library&quot;" classname="EMPTY_NAME" time="10.771">
    <system-out><![CDATA[
@Im-working @students
Scenario Outline: Verify user information "student12@library" &amp#27;[90m# src/test/resources/features/LoginWithDifferentUsers.feature:19&amp#27;[0m
before scenario running
  &amp#27;[32mGiven &amp#27;[0m&amp#27;[32muser is on the login page&amp#27;[0m                             &amp#27;[90m# com.cydeo.library.step_definitions.Login_StepDefinitions.user_is_on_the_login_page()&amp#27;[0m
  &amp#27;[32mWhen &amp#27;[0m&amp#27;[32muser login using &amp#27;[0m&amp#27;[32m&amp#27;[1m"student12@library"&amp#27;[0m&amp#27;[32m and &amp#27;[0m&amp#27;[32m&amp#27;[1m"8ENtWqOe"&amp#27;[0m    &amp#27;[90m# com.cydeo.library.step_definitions.LoginWithDifferentUser_stepDefinitions.user_login_using_and(java.lang.String,java.lang.String)&amp#27;[0m
library = Test Student 12
name = Test Student 12
  &amp#27;[32mThen &amp#27;[0m&amp#27;[32maccount holder name should be &amp#27;[0m&amp#27;[32m&amp#27;[1m"Test Student 12"&amp#27;[0m        &amp#27;[90m# com.cydeo.library.step_definitions.LoginWithDifferentUser_stepDefinitions.account_holder_name_should_be(java.lang.String)&amp#27;[0m
After scenario running
]]></system-out>
    <system-err><![CDATA[Starting ChromeDriver 103.0.5060.53 (a1711811edd74ff1cf2150f36ffa3b0dae40b17f-refs/branch-heads/5060@{#853}) on port 44104
Only local connections are allowed.
Please see https://chromedriver.chromium.org/security-considerations for suggestions on keeping ChromeDriver safe.
ChromeDriver was started successfully.
Jul 14, 2022 5:20:02 PM org.openqa.selenium.remote.ProtocolHandshake createSession
INFO: Detected dialect: W3C
]]></system-err>
  </testcase>
  <testcase name="Verify user information &quot;student13@library&quot;" classname="EMPTY_NAME" time="11.666">
    <system-out><![CDATA[
@Im-working @students
Scenario Outline: Verify user information "student13@library" &amp#27;[90m# src/test/resources/features/LoginWithDifferentUsers.feature:20&amp#27;[0m
before scenario running
  &amp#27;[32mGiven &amp#27;[0m&amp#27;[32muser is on the login page&amp#27;[0m                             &amp#27;[90m# com.cydeo.library.step_definitions.Login_StepDefinitions.user_is_on_the_login_page()&amp#27;[0m
  &amp#27;[32mWhen &amp#27;[0m&amp#27;[32muser login using &amp#27;[0m&amp#27;[32m&amp#27;[1m"student13@library"&amp#27;[0m&amp#27;[32m and &amp#27;[0m&amp#27;[32m&amp#27;[1m"Y0kaXNMa"&amp#27;[0m    &amp#27;[90m# com.cydeo.library.step_definitions.LoginWithDifferentUser_stepDefinitions.user_login_using_and(java.lang.String,java.lang.String)&amp#27;[0m
library = Test Student 13
name = Test Student 13
  &amp#27;[32mThen &amp#27;[0m&amp#27;[32maccount holder name should be &amp#27;[0m&amp#27;[32m&amp#27;[1m"Test Student 13"&amp#27;[0m        &amp#27;[90m# com.cydeo.library.step_definitions.LoginWithDifferentUser_stepDefinitions.account_holder_name_should_be(java.lang.String)&amp#27;[0m
After scenario running
]]></system-out>
    <system-err><![CDATA[Starting ChromeDriver 103.0.5060.53 (a1711811edd74ff1cf2150f36ffa3b0dae40b17f-refs/branch-heads/5060@{#853}) on port 10828
Only local connections are allowed.
Please see https://chromedriver.chromium.org/security-considerations for suggestions on keeping ChromeDriver safe.
ChromeDriver was started successfully.
Jul 14, 2022 5:20:12 PM org.openqa.selenium.remote.ProtocolHandshake createSession
INFO: Detected dialect: W3C
]]></system-err>
  </testcase>
  <testcase name="Verify user information &quot;student14@library&quot;" classname="EMPTY_NAME" time="13.416">
    <system-out><![CDATA[
@Im-working @students
Scenario Outline: Verify user information "student14@library" &amp#27;[90m# src/test/resources/features/LoginWithDifferentUsers.feature:21&amp#27;[0m
before scenario running
  &amp#27;[32mGiven &amp#27;[0m&amp#27;[32muser is on the login page&amp#27;[0m                             &amp#27;[90m# com.cydeo.library.step_definitions.Login_StepDefinitions.user_is_on_the_login_page()&amp#27;[0m
  &amp#27;[32mWhen &amp#27;[0m&amp#27;[32muser login using &amp#27;[0m&amp#27;[32m&amp#27;[1m"student14@library"&amp#27;[0m&amp#27;[32m and &amp#27;[0m&amp#27;[32m&amp#27;[1m"bL1twuqT"&amp#27;[0m    &amp#27;[90m# com.cydeo.library.step_definitions.LoginWithDifferentUser_stepDefinitions.user_login_using_and(java.lang.String,java.lang.String)&amp#27;[0m
library = Test Student 14
name = Test Student 14
  &amp#27;[32mThen &amp#27;[0m&amp#27;[32maccount holder name should be &amp#27;[0m&amp#27;[32m&amp#27;[1m"Test Student 14"&amp#27;[0m        &amp#27;[90m# com.cydeo.library.step_definitions.LoginWithDifferentUser_stepDefinitions.account_holder_name_should_be(java.lang.String)&amp#27;[0m
After scenario running
]]></system-out>
    <system-err><![CDATA[Starting ChromeDriver 103.0.5060.53 (a1711811edd74ff1cf2150f36ffa3b0dae40b17f-refs/branch-heads/5060@{#853}) on port 14599
Only local connections are allowed.
Please see https://chromedriver.chromium.org/security-considerations for suggestions on keeping ChromeDriver safe.
ChromeDriver was started successfully.
Jul 14, 2022 5:20:28 PM org.openqa.selenium.remote.ProtocolHandshake createSession
INFO: Detected dialect: W3C
]]></system-err>
  </testcase>
</testsuite>